<?xml version="1.0" encoding="UTF-8"?>
<!-- Generated by org.testng.reporters.JUnitReportReporter -->
<testsuite hostname="LAPTOP-PC1K7B32" failures="0" tests="1" name="AutomationProject.automation_project.IrctcSearch" time="5.778" errors="0" timestamp="2022-06-01T00:33:31 IST" skipped="0">
  <testcase classname="AutomationProject.automation_project.IrctcSearch" name="search" time="5.778"/>
  <system-out>
    <![CDATA[Successfully opened Irctc]]>
  </system-out>
</testsuite> <!-- AutomationProject.automation_project.IrctcSearch -->
