<?xml version="1.0" encoding="UTF-8"?>
<!-- Generated by org.testng.reporters.JUnitReportReporter -->
<testsuite hostname="LAPTOP-PC1K7B32" failures="0" tests="1" name="AutomationProject.automation_project.TestLogin" time="4.051" errors="0" timestamp="2022-05-31T16:57:44 IST" skipped="0">
  <testcase classname="AutomationProject.automation_project.TestLogin" name="login" time="4.051"/>
  <system-out/>
</testsuite> <!-- AutomationProject.automation_project.TestLogin -->
